<?xml version="1.0" encoding="UTF-8" ?>
<testsuites>
  <testsuite errors="2" failures="6" hostname="tpot.local" id="0" name="SampleTest" package="cuanto.test.packageOne" tests="34" time="15.262" timestamp="2008-09-29T02:24:24">
      <properties>
          <property name="java.runtime.name" value="Java(TM) 2 Runtime Environment, Standard Edition" />

          <property name="sun.boot.library.path" value="/System/Library/Frameworks/JavaVM.framework/Versions/1.5.0/Libraries" />

          <property name="java.vm.version" value="1.5.0_13-119" />

          <property name="awt.nativeDoubleBuffering" value="true" />

          <property name="gopherProxySet" value="false" />

          <property name="ant.version" value="Apache Ant version 1.7.0 compiled on December 13 2006" />

          <property name="ant.java.version" value="1.5" />

          <property name="java.vm.vendor" value="Apple Inc." />

          <property name="java.vendor.url" value="http://www.apple.com/" />

          <property name="path.separator" value=":" />

          <property name="java.vm.name" value="Java HotSpot(TM) Client VM" />

          <property name="file.encoding.pkg" value="sun.io" />

          <property name="user.country" value="US" />

          <property name="sun.java.launcher" value="SUN_STANDARD" />

          <property name="sun.os.patch.level" value="unknown" />

          <property name="program.name" value="groovy" />

          <property name="java.vm.specification.name" value="Java Virtual Machine Specification" />

          <property name="user.dir" value="/Users/ttop/sources/depot/QA/cuanto/main/generator/src/script" />

          <property name="java.runtime.version" value="1.5.0_13-b05-237" />

          <property name="java.awt.graphicsenv" value="apple.awt.CGraphicsEnvironment" />

          <property name="basedir" value="/Users/ttop/sources/depot/QA/cuanto/main/generator/src/script" />

          <property name="java.endorsed.dirs" value="/System/Library/Frameworks/JavaVM.framework/Versions/1.5.0/Home/lib/endorsed" />

          <property name="os.arch" value="i386" />

          <property name="java.io.tmpdir" value="/tmp" />

          <property name="ant.core.lib" value="/Users/ttop/Library/groovy-1.5.6/lib/ant-1.7.0.jar" />

          <property name="line.separator" value=" " />

          <property name="java.vm.specification.vendor" value="Sun Microsystems Inc." />

          <property name="os.name" value="Mac OS X" />

          <property name="tools.jar" value="/Library/Java/Home/lib/tools.jar" />

          <property name="sun.jnu.encoding" value="MacRoman" />

          <property name="script.name" value="/Users/ttop/Library/groovy-1.5.6/bin/groovy" />

          <property name="java.library.path" value=".:/Library/Java/Extensions:/System/Library/Java/Extensions:/usr/lib/java" />

          <property name="java.specification.name" value="Java Platform API Specification" />

          <property name="java.class.version" value="49.0" />

          <property name="sun.management.compiler" value="HotSpot Client Compiler" />

          <property name="os.version" value="10.5.4" />

          <property name="http.nonProxyHosts" value="local|*.local|169.254/16|*.169.254/16" />

          <property name="user.home" value="/Users/ttop" />

          <property name="user.timezone" value="" />

          <property name="java.awt.printerjob" value="apple.awt.CPrinterJob" />

          <property name="java.specification.version" value="1.5" />

          <property name="file.encoding" value="MacRoman" />

          <property name="java.class.path" value="/Users/ttop/Library/groovy-1.5.6/lib/groovy-1.5.6.jar" />

          <property name="user.name" value="ttop" />

          <property name="java.vm.specification.version" value="1.0" />

          <property name="java.home" value="/System/Library/Frameworks/JavaVM.framework/Versions/1.5.0/Home" />

          <property name="sun.arch.data.model" value="32" />

          <property name="java.specification.vendor" value="Sun Microsystems Inc." />

          <property name="user.language" value="en" />

          <property name="awt.toolkit" value="apple.awt.CToolkit" />

          <property name="java.vm.info" value="mixed mode, sharing" />

          <property name="java.version" value="1.5.0_13" />

          <property name="java.ext.dirs" value="/Library/Java/Extensions:/System/Library/Java/Extensions:/System/Library/Frameworks/JavaVM.framework/Versions/1.5.0/Home/lib/ext" />

          <property name="sun.boot.class.path" value="/System/Library/Frameworks/JavaVM.framework/Versions/1.5.0/Classes/classes.jar:/System/Library/Frameworks/JavaVM.framework/Versions/1.5.0/Classes/ui.jar:/System/Library/Frameworks/JavaVM.framework/Versions/1.5.0/Classes/laf.jar:/System/Library/Frameworks/JavaVM.framework/Versions/1.5.0/Classes/sunrsasign.jar:/System/Library/Frameworks/JavaVM.framework/Versions/1.5.0/Classes/jsse.jar:/System/Library/Frameworks/JavaVM.framework/Versions/1.5.0/Classes/jce.jar:/System/Library/Frameworks/JavaVM.framework/Versions/1.5.0/Classes/charsets.jar" />

          <property name="java.vendor" value="Apple Inc." />

          <property name="file.separator" value="/" />

          <property name="java.vendor.url.bug" value="http://bugreport.apple.com/" />

          <property name="sun.cpu.endian" value="little" />

          <property name="sun.io.unicode.encoding" value="UnicodeLittle" />

          <property name="groovy.starter.conf" value="/Users/ttop/Library/groovy-1.5.6/conf/groovy-starter.conf" />

          <property name="mrj.version" value="1040.1.5.0_13-237" />

          <property name="socksNonProxyHosts" value="local|*.local|169.254/16|*.169.254/16" />

          <property name="ftp.nonProxyHosts" value="local|*.local|169.254/16|*.169.254/16" />

          <property name="sun.cpu.isalist" value="" />

          <property name="groovy.home" value="/Users/ttop/Library/groovy-1.5.6" />

      </properties>

      <testcase classname="cuanto.test.packageOne.SampleTest" name="Stephenson" time="0.179" />

      <testcase classname="cuanto.test.packageOne.SampleTest" name="Irving" time="0.509" />

      <testcase classname="cuanto.test.packageOne.SampleTest" name="Tolkein" time="0.034" />

      <testcase classname="cuanto.test.packageOne.SampleTest" name="Bronte" time="0.209" />

      <testcase classname="cuanto.test.packageOne.SampleTest" name="Dickens" time="0.821" />

      <testcase classname="cuanto.test.packageOne.SampleTest" name="Melville" time="0.699">
          <failure message="Melville failed" type="junit.framework.AssertionFailedError">junit.framework.AssertionFailedError: Melville failed
	at cuanto.test.packageOne.SampleTest.testMain(SampleTest.java:37)
	at cuanto.test.packageOne.SampleTest.runTest(SampleTest.java:29)
	at groovy.util.AntBuilder.nodeCompleted(AntBuilder.java:199)
	at groovy.util.BuilderSupport.doInvokeMethod(BuilderSupport.java:153)
	at groovy.util.AntBuilder.doInvokeMethod(AntBuilder.java:149)
	at groovy.util.BuilderSupport.invokeMethod(BuilderSupport.java:64)
	at org.codehaus.groovy.runtime.InvokerHelper.invokePogoMethod(InvokerHelper.java:784)
	at org.codehaus.groovy.runtime.InvokerHelper.invokeMethod(InvokerHelper.java:758)
	at org.codehaus.groovy.runtime.ScriptBytecodeAdapter.invokeMethodN(ScriptBytecodeAdapter.java:170)
	at CreateTests.executeBatchTests(CreateTests.groovy:26)
	at org.codehaus.groovy.reflection.CachedMethod.invoke(CachedMethod.java:86)
	at groovy.lang.MetaMethod.doMethodInvoke(MetaMethod.java:230)
	at groovy.lang.MetaClassImpl.invokeMethod(MetaClassImpl.java:912)
	at org.codehaus.groovy.runtime.ScriptBytecodeAdapter.invokeMethodOnCurrentN(ScriptBytecodeAdapter.java:78)
	at org.codehaus.groovy.runtime.ScriptBytecodeAdapter.invokeMethodOnCurrent0(ScriptBytecodeAdapter.java:112)
	at CreateTests.run(CreateTests.groovy:21)
	at org.codehaus.groovy.reflection.CachedMethod.invoke(CachedMethod.java:86)
	at groovy.lang.MetaMethod.doMethodInvoke(MetaMethod.java:230)
	at groovy.lang.MetaClassImpl.invokeMethod(MetaClassImpl.java:912)
	at groovy.lang.MetaClassImpl.invokeMethod(MetaClassImpl.java:756)
	at org.codehaus.groovy.runtime.InvokerHelper.invokePogoMethod(InvokerHelper.java:778)
	at org.codehaus.groovy.runtime.InvokerHelper.invokeMethod(InvokerHelper.java:758)
	at org.codehaus.groovy.runtime.InvokerHelper.runScript(InvokerHelper.java:401)
	at org.codehaus.groovy.reflection.CachedMethod.invoke(CachedMethod.java:86)
	at groovy.lang.MetaMethod.doMethodInvoke(MetaMethod.java:230)
	at groovy.lang.MetaClassImpl.invokeStaticMethod(MetaClassImpl.java:1105)
	at org.codehaus.groovy.runtime.InvokerHelper.invokeMethod(InvokerHelper.java:749)
	at org.codehaus.groovy.runtime.ScriptBytecodeAdapter.invokeMethodN(ScriptBytecodeAdapter.java:170)
	at CreateTests.main(CreateTests.groovy)
	at org.codehaus.groovy.reflection.CachedMethod.invoke(CachedMethod.java:86)
	at groovy.lang.MetaMethod.doMethodInvoke(MetaMethod.java:230)
	at groovy.lang.MetaClassImpl.invokeStaticMethod(MetaClassImpl.java:1105)
	at org.codehaus.groovy.runtime.InvokerHelper.invokeMethod(InvokerHelper.java:749)
	at groovy.lang.GroovyShell.runMainOrTestOrRunnable(GroovyShell.java:244)
	at groovy.lang.GroovyShell.run(GroovyShell.java:218)
	at groovy.lang.GroovyShell.run(GroovyShell.java:147)
	at groovy.ui.GroovyMain.processOnce(GroovyMain.java:493)
	at groovy.ui.GroovyMain.run(GroovyMain.java:308)
	at groovy.ui.GroovyMain.process(GroovyMain.java:294)
	at groovy.ui.GroovyMain.processArgs(GroovyMain.java:111)
	at groovy.ui.GroovyMain.main(GroovyMain.java:92)
	at org.codehaus.groovy.tools.GroovyStarter.rootLoader(GroovyStarter.java:101)
	at org.codehaus.groovy.tools.GroovyStarter.main(GroovyStarter.java:130)
</failure>

      </testcase>

      <testcase classname="cuanto.test.packageOne.SampleTest" name="Steinbeck" time="0.717" />

      <testcase classname="cuanto.test.packageOne.SampleTest" name="Williams" time="0.124">
          <failure message="Williams failed" type="junit.framework.AssertionFailedError">junit.framework.AssertionFailedError: Williams failed
	at cuanto.test.packageOne.SampleTest.testMain(SampleTest.java:37)
	at cuanto.test.packageOne.SampleTest.runTest(SampleTest.java:29)
	at groovy.util.AntBuilder.nodeCompleted(AntBuilder.java:199)
	at groovy.util.BuilderSupport.doInvokeMethod(BuilderSupport.java:153)
	at groovy.util.AntBuilder.doInvokeMethod(AntBuilder.java:149)
	at groovy.util.BuilderSupport.invokeMethod(BuilderSupport.java:64)
	at org.codehaus.groovy.runtime.InvokerHelper.invokePogoMethod(InvokerHelper.java:784)
	at org.codehaus.groovy.runtime.InvokerHelper.invokeMethod(InvokerHelper.java:758)
	at org.codehaus.groovy.runtime.ScriptBytecodeAdapter.invokeMethodN(ScriptBytecodeAdapter.java:170)
	at CreateTests.executeBatchTests(CreateTests.groovy:26)
	at org.codehaus.groovy.reflection.CachedMethod.invoke(CachedMethod.java:86)
	at groovy.lang.MetaMethod.doMethodInvoke(MetaMethod.java:230)
	at groovy.lang.MetaClassImpl.invokeMethod(MetaClassImpl.java:912)
	at org.codehaus.groovy.runtime.ScriptBytecodeAdapter.invokeMethodOnCurrentN(ScriptBytecodeAdapter.java:78)
	at org.codehaus.groovy.runtime.ScriptBytecodeAdapter.invokeMethodOnCurrent0(ScriptBytecodeAdapter.java:112)
	at CreateTests.run(CreateTests.groovy:21)
	at org.codehaus.groovy.reflection.CachedMethod.invoke(CachedMethod.java:86)
	at groovy.lang.MetaMethod.doMethodInvoke(MetaMethod.java:230)
	at groovy.lang.MetaClassImpl.invokeMethod(MetaClassImpl.java:912)
	at groovy.lang.MetaClassImpl.invokeMethod(MetaClassImpl.java:756)
	at org.codehaus.groovy.runtime.InvokerHelper.invokePogoMethod(InvokerHelper.java:778)
	at org.codehaus.groovy.runtime.InvokerHelper.invokeMethod(InvokerHelper.java:758)
	at org.codehaus.groovy.runtime.InvokerHelper.runScript(InvokerHelper.java:401)
	at org.codehaus.groovy.reflection.CachedMethod.invoke(CachedMethod.java:86)
	at groovy.lang.MetaMethod.doMethodInvoke(MetaMethod.java:230)
	at groovy.lang.MetaClassImpl.invokeStaticMethod(MetaClassImpl.java:1105)
	at org.codehaus.groovy.runtime.InvokerHelper.invokeMethod(InvokerHelper.java:749)
	at org.codehaus.groovy.runtime.ScriptBytecodeAdapter.invokeMethodN(ScriptBytecodeAdapter.java:170)
	at CreateTests.main(CreateTests.groovy)
	at org.codehaus.groovy.reflection.CachedMethod.invoke(CachedMethod.java:86)
	at groovy.lang.MetaMethod.doMethodInvoke(MetaMethod.java:230)
	at groovy.lang.MetaClassImpl.invokeStaticMethod(MetaClassImpl.java:1105)
	at org.codehaus.groovy.runtime.InvokerHelper.invokeMethod(InvokerHelper.java:749)
	at groovy.lang.GroovyShell.runMainOrTestOrRunnable(GroovyShell.java:244)
	at groovy.lang.GroovyShell.run(GroovyShell.java:218)
	at groovy.lang.GroovyShell.run(GroovyShell.java:147)
	at groovy.ui.GroovyMain.processOnce(GroovyMain.java:493)
	at groovy.ui.GroovyMain.run(GroovyMain.java:308)
	at groovy.ui.GroovyMain.process(GroovyMain.java:294)
	at groovy.ui.GroovyMain.processArgs(GroovyMain.java:111)
	at groovy.ui.GroovyMain.main(GroovyMain.java:92)
	at org.codehaus.groovy.tools.GroovyStarter.rootLoader(GroovyStarter.java:101)
	at org.codehaus.groovy.tools.GroovyStarter.main(GroovyStarter.java:130)
</failure>

      </testcase>

      <testcase classname="cuanto.test.packageOne.SampleTest" name="Wilson" time="0.228">
          <error message="Test error" type="java.lang.RuntimeException">java.lang.RuntimeException: Test error
	at cuanto.test.packageOne.SampleTest.testMain(SampleTest.java:39)
	at cuanto.test.packageOne.SampleTest.runTest(SampleTest.java:29)
	at groovy.util.AntBuilder.nodeCompleted(AntBuilder.java:199)
	at groovy.util.BuilderSupport.doInvokeMethod(BuilderSupport.java:153)
	at groovy.util.AntBuilder.doInvokeMethod(AntBuilder.java:149)
	at groovy.util.BuilderSupport.invokeMethod(BuilderSupport.java:64)
	at org.codehaus.groovy.runtime.InvokerHelper.invokePogoMethod(InvokerHelper.java:784)
	at org.codehaus.groovy.runtime.InvokerHelper.invokeMethod(InvokerHelper.java:758)
	at org.codehaus.groovy.runtime.ScriptBytecodeAdapter.invokeMethodN(ScriptBytecodeAdapter.java:170)
	at CreateTests.executeBatchTests(CreateTests.groovy:26)
	at org.codehaus.groovy.reflection.CachedMethod.invoke(CachedMethod.java:86)
	at groovy.lang.MetaMethod.doMethodInvoke(MetaMethod.java:230)
	at groovy.lang.MetaClassImpl.invokeMethod(MetaClassImpl.java:912)
	at org.codehaus.groovy.runtime.ScriptBytecodeAdapter.invokeMethodOnCurrentN(ScriptBytecodeAdapter.java:78)
	at org.codehaus.groovy.runtime.ScriptBytecodeAdapter.invokeMethodOnCurrent0(ScriptBytecodeAdapter.java:112)
	at CreateTests.run(CreateTests.groovy:21)
	at org.codehaus.groovy.reflection.CachedMethod.invoke(CachedMethod.java:86)
	at groovy.lang.MetaMethod.doMethodInvoke(MetaMethod.java:230)
	at groovy.lang.MetaClassImpl.invokeMethod(MetaClassImpl.java:912)
	at groovy.lang.MetaClassImpl.invokeMethod(MetaClassImpl.java:756)
	at org.codehaus.groovy.runtime.InvokerHelper.invokePogoMethod(InvokerHelper.java:778)
	at org.codehaus.groovy.runtime.InvokerHelper.invokeMethod(InvokerHelper.java:758)
	at org.codehaus.groovy.runtime.InvokerHelper.runScript(InvokerHelper.java:401)
	at org.codehaus.groovy.reflection.CachedMethod.invoke(CachedMethod.java:86)
	at groovy.lang.MetaMethod.doMethodInvoke(MetaMethod.java:230)
	at groovy.lang.MetaClassImpl.invokeStaticMethod(MetaClassImpl.java:1105)
	at org.codehaus.groovy.runtime.InvokerHelper.invokeMethod(InvokerHelper.java:749)
	at org.codehaus.groovy.runtime.ScriptBytecodeAdapter.invokeMethodN(ScriptBytecodeAdapter.java:170)
	at CreateTests.main(CreateTests.groovy)
	at org.codehaus.groovy.reflection.CachedMethod.invoke(CachedMethod.java:86)
	at groovy.lang.MetaMethod.doMethodInvoke(MetaMethod.java:230)
	at groovy.lang.MetaClassImpl.invokeStaticMethod(MetaClassImpl.java:1105)
	at org.codehaus.groovy.runtime.InvokerHelper.invokeMethod(InvokerHelper.java:749)
	at groovy.lang.GroovyShell.runMainOrTestOrRunnable(GroovyShell.java:244)
	at groovy.lang.GroovyShell.run(GroovyShell.java:218)
	at groovy.lang.GroovyShell.run(GroovyShell.java:147)
	at groovy.ui.GroovyMain.processOnce(GroovyMain.java:493)
	at groovy.ui.GroovyMain.run(GroovyMain.java:308)
	at groovy.ui.GroovyMain.process(GroovyMain.java:294)
	at groovy.ui.GroovyMain.processArgs(GroovyMain.java:111)
	at groovy.ui.GroovyMain.main(GroovyMain.java:92)
	at org.codehaus.groovy.tools.GroovyStarter.rootLoader(GroovyStarter.java:101)
	at org.codehaus.groovy.tools.GroovyStarter.main(GroovyStarter.java:130)
</error>

      </testcase>

      <testcase classname="cuanto.test.packageOne.SampleTest" name="Atwood" time="0.64" />

      <testcase classname="cuanto.test.packageOne.SampleTest" name="Morrisson" time="0.02">
          <failure message="Morrisson failed" type="junit.framework.AssertionFailedError">junit.framework.AssertionFailedError: Morrisson failed
	at cuanto.test.packageOne.SampleTest.testMain(SampleTest.java:37)
	at cuanto.test.packageOne.SampleTest.runTest(SampleTest.java:29)
	at groovy.util.AntBuilder.nodeCompleted(AntBuilder.java:199)
	at groovy.util.BuilderSupport.doInvokeMethod(BuilderSupport.java:153)
	at groovy.util.AntBuilder.doInvokeMethod(AntBuilder.java:149)
	at groovy.util.BuilderSupport.invokeMethod(BuilderSupport.java:64)
	at org.codehaus.groovy.runtime.InvokerHelper.invokePogoMethod(InvokerHelper.java:784)
	at org.codehaus.groovy.runtime.InvokerHelper.invokeMethod(InvokerHelper.java:758)
	at org.codehaus.groovy.runtime.ScriptBytecodeAdapter.invokeMethodN(ScriptBytecodeAdapter.java:170)
	at CreateTests.executeBatchTests(CreateTests.groovy:26)
	at org.codehaus.groovy.reflection.CachedMethod.invoke(CachedMethod.java:86)
	at groovy.lang.MetaMethod.doMethodInvoke(MetaMethod.java:230)
	at groovy.lang.MetaClassImpl.invokeMethod(MetaClassImpl.java:912)
	at org.codehaus.groovy.runtime.ScriptBytecodeAdapter.invokeMethodOnCurrentN(ScriptBytecodeAdapter.java:78)
	at org.codehaus.groovy.runtime.ScriptBytecodeAdapter.invokeMethodOnCurrent0(ScriptBytecodeAdapter.java:112)
	at CreateTests.run(CreateTests.groovy:21)
	at org.codehaus.groovy.reflection.CachedMethod.invoke(CachedMethod.java:86)
	at groovy.lang.MetaMethod.doMethodInvoke(MetaMethod.java:230)
	at groovy.lang.MetaClassImpl.invokeMethod(MetaClassImpl.java:912)
	at groovy.lang.MetaClassImpl.invokeMethod(MetaClassImpl.java:756)
	at org.codehaus.groovy.runtime.InvokerHelper.invokePogoMethod(InvokerHelper.java:778)
	at org.codehaus.groovy.runtime.InvokerHelper.invokeMethod(InvokerHelper.java:758)
	at org.codehaus.groovy.runtime.InvokerHelper.runScript(InvokerHelper.java:401)
	at org.codehaus.groovy.reflection.CachedMethod.invoke(CachedMethod.java:86)
	at groovy.lang.MetaMethod.doMethodInvoke(MetaMethod.java:230)
	at groovy.lang.MetaClassImpl.invokeStaticMethod(MetaClassImpl.java:1105)
	at org.codehaus.groovy.runtime.InvokerHelper.invokeMethod(InvokerHelper.java:749)
	at org.codehaus.groovy.runtime.ScriptBytecodeAdapter.invokeMethodN(ScriptBytecodeAdapter.java:170)
	at CreateTests.main(CreateTests.groovy)
	at org.codehaus.groovy.reflection.CachedMethod.invoke(CachedMethod.java:86)
	at groovy.lang.MetaMethod.doMethodInvoke(MetaMethod.java:230)
	at groovy.lang.MetaClassImpl.invokeStaticMethod(MetaClassImpl.java:1105)
	at org.codehaus.groovy.runtime.InvokerHelper.invokeMethod(InvokerHelper.java:749)
	at groovy.lang.GroovyShell.runMainOrTestOrRunnable(GroovyShell.java:244)
	at groovy.lang.GroovyShell.run(GroovyShell.java:218)
	at groovy.lang.GroovyShell.run(GroovyShell.java:147)
	at groovy.ui.GroovyMain.processOnce(GroovyMain.java:493)
	at groovy.ui.GroovyMain.run(GroovyMain.java:308)
	at groovy.ui.GroovyMain.process(GroovyMain.java:294)
	at groovy.ui.GroovyMain.processArgs(GroovyMain.java:111)
	at groovy.ui.GroovyMain.main(GroovyMain.java:92)
	at org.codehaus.groovy.tools.GroovyStarter.rootLoader(GroovyStarter.java:101)
	at org.codehaus.groovy.tools.GroovyStarter.main(GroovyStarter.java:130)
</failure>

      </testcase>

      <testcase classname="cuanto.test.packageOne.SampleTest" name="Ferry" time="0.322">
          <failure message="Ferry failed" type="junit.framework.AssertionFailedError">junit.framework.AssertionFailedError: Ferry failed
	at cuanto.test.packageOne.SampleTest.testMain(SampleTest.java:37)
	at cuanto.test.packageOne.SampleTest.runTest(SampleTest.java:29)
	at groovy.util.AntBuilder.nodeCompleted(AntBuilder.java:199)
	at groovy.util.BuilderSupport.doInvokeMethod(BuilderSupport.java:153)
	at groovy.util.AntBuilder.doInvokeMethod(AntBuilder.java:149)
	at groovy.util.BuilderSupport.invokeMethod(BuilderSupport.java:64)
	at org.codehaus.groovy.runtime.InvokerHelper.invokePogoMethod(InvokerHelper.java:784)
	at org.codehaus.groovy.runtime.InvokerHelper.invokeMethod(InvokerHelper.java:758)
	at org.codehaus.groovy.runtime.ScriptBytecodeAdapter.invokeMethodN(ScriptBytecodeAdapter.java:170)
	at CreateTests.executeBatchTests(CreateTests.groovy:26)
	at org.codehaus.groovy.reflection.CachedMethod.invoke(CachedMethod.java:86)
	at groovy.lang.MetaMethod.doMethodInvoke(MetaMethod.java:230)
	at groovy.lang.MetaClassImpl.invokeMethod(MetaClassImpl.java:912)
	at org.codehaus.groovy.runtime.ScriptBytecodeAdapter.invokeMethodOnCurrentN(ScriptBytecodeAdapter.java:78)
	at org.codehaus.groovy.runtime.ScriptBytecodeAdapter.invokeMethodOnCurrent0(ScriptBytecodeAdapter.java:112)
	at CreateTests.run(CreateTests.groovy:21)
	at org.codehaus.groovy.reflection.CachedMethod.invoke(CachedMethod.java:86)
	at groovy.lang.MetaMethod.doMethodInvoke(MetaMethod.java:230)
	at groovy.lang.MetaClassImpl.invokeMethod(MetaClassImpl.java:912)
	at groovy.lang.MetaClassImpl.invokeMethod(MetaClassImpl.java:756)
	at org.codehaus.groovy.runtime.InvokerHelper.invokePogoMethod(InvokerHelper.java:778)
	at org.codehaus.groovy.runtime.InvokerHelper.invokeMethod(InvokerHelper.java:758)
	at org.codehaus.groovy.runtime.InvokerHelper.runScript(InvokerHelper.java:401)
	at org.codehaus.groovy.reflection.CachedMethod.invoke(CachedMethod.java:86)
	at groovy.lang.MetaMethod.doMethodInvoke(MetaMethod.java:230)
	at groovy.lang.MetaClassImpl.invokeStaticMethod(MetaClassImpl.java:1105)
	at org.codehaus.groovy.runtime.InvokerHelper.invokeMethod(InvokerHelper.java:749)
	at org.codehaus.groovy.runtime.ScriptBytecodeAdapter.invokeMethodN(ScriptBytecodeAdapter.java:170)
	at CreateTests.main(CreateTests.groovy)
	at org.codehaus.groovy.reflection.CachedMethod.invoke(CachedMethod.java:86)
	at groovy.lang.MetaMethod.doMethodInvoke(MetaMethod.java:230)
	at groovy.lang.MetaClassImpl.invokeStaticMethod(MetaClassImpl.java:1105)
	at org.codehaus.groovy.runtime.InvokerHelper.invokeMethod(InvokerHelper.java:749)
	at groovy.lang.GroovyShell.runMainOrTestOrRunnable(GroovyShell.java:244)
	at groovy.lang.GroovyShell.run(GroovyShell.java:218)
	at groovy.lang.GroovyShell.run(GroovyShell.java:147)
	at groovy.ui.GroovyMain.processOnce(GroovyMain.java:493)
	at groovy.ui.GroovyMain.run(GroovyMain.java:308)
	at groovy.ui.GroovyMain.process(GroovyMain.java:294)
	at groovy.ui.GroovyMain.processArgs(GroovyMain.java:111)
	at groovy.ui.GroovyMain.main(GroovyMain.java:92)
	at org.codehaus.groovy.tools.GroovyStarter.rootLoader(GroovyStarter.java:101)
	at org.codehaus.groovy.tools.GroovyStarter.main(GroovyStarter.java:130)
</failure>

      </testcase>

      <testcase classname="cuanto.test.packageOne.SampleTest" name="Parker" time="0.5" />

      <testcase classname="cuanto.test.packageOne.SampleTest" name="Wilde" time="0.713" />

      <testcase classname="cuanto.test.packageOne.SampleTest" name="Hemingway" time="0.623" />

      <testcase classname="cuanto.test.packageOne.SampleTest" name="Durrell" time="0.109" />

      <testcase classname="cuanto.test.packageOne.SampleTest" name="Hugo" time="0.086" />

      <testcase classname="cuanto.test.packageOne.SampleTest" name="Huxley" time="0.401" />

      <testcase classname="cuanto.test.packageOne.SampleTest" name="Ginsberg" time="0.344" />

      <testcase classname="cuanto.test.packageOne.SampleTest" name="Kerouac" time="0.935" />

      <testcase classname="cuanto.test.packageOne.SampleTest" name="Carver" time="0.165" />

      <testcase classname="cuanto.test.packageOne.SampleTest" name="Dunne" time="0.537">
          <error message="Test error" type="java.lang.RuntimeException">java.lang.RuntimeException: Test error
	at cuanto.test.packageOne.SampleTest.testMain(SampleTest.java:39)
	at cuanto.test.packageOne.SampleTest.runTest(SampleTest.java:29)
	at groovy.util.AntBuilder.nodeCompleted(AntBuilder.java:199)
	at groovy.util.BuilderSupport.doInvokeMethod(BuilderSupport.java:153)
	at groovy.util.AntBuilder.doInvokeMethod(AntBuilder.java:149)
	at groovy.util.BuilderSupport.invokeMethod(BuilderSupport.java:64)
	at org.codehaus.groovy.runtime.InvokerHelper.invokePogoMethod(InvokerHelper.java:784)
	at org.codehaus.groovy.runtime.InvokerHelper.invokeMethod(InvokerHelper.java:758)
	at org.codehaus.groovy.runtime.ScriptBytecodeAdapter.invokeMethodN(ScriptBytecodeAdapter.java:170)
	at CreateTests.executeBatchTests(CreateTests.groovy:26)
	at org.codehaus.groovy.reflection.CachedMethod.invoke(CachedMethod.java:86)
	at groovy.lang.MetaMethod.doMethodInvoke(MetaMethod.java:230)
	at groovy.lang.MetaClassImpl.invokeMethod(MetaClassImpl.java:912)
	at org.codehaus.groovy.runtime.ScriptBytecodeAdapter.invokeMethodOnCurrentN(ScriptBytecodeAdapter.java:78)
	at org.codehaus.groovy.runtime.ScriptBytecodeAdapter.invokeMethodOnCurrent0(ScriptBytecodeAdapter.java:112)
	at CreateTests.run(CreateTests.groovy:21)
	at org.codehaus.groovy.reflection.CachedMethod.invoke(CachedMethod.java:86)
	at groovy.lang.MetaMethod.doMethodInvoke(MetaMethod.java:230)
	at groovy.lang.MetaClassImpl.invokeMethod(MetaClassImpl.java:912)
	at groovy.lang.MetaClassImpl.invokeMethod(MetaClassImpl.java:756)
	at org.codehaus.groovy.runtime.InvokerHelper.invokePogoMethod(InvokerHelper.java:778)
	at org.codehaus.groovy.runtime.InvokerHelper.invokeMethod(InvokerHelper.java:758)
	at org.codehaus.groovy.runtime.InvokerHelper.runScript(InvokerHelper.java:401)
	at org.codehaus.groovy.reflection.CachedMethod.invoke(CachedMethod.java:86)
	at groovy.lang.MetaMethod.doMethodInvoke(MetaMethod.java:230)
	at groovy.lang.MetaClassImpl.invokeStaticMethod(MetaClassImpl.java:1105)
	at org.codehaus.groovy.runtime.InvokerHelper.invokeMethod(InvokerHelper.java:749)
	at org.codehaus.groovy.runtime.ScriptBytecodeAdapter.invokeMethodN(ScriptBytecodeAdapter.java:170)
	at CreateTests.main(CreateTests.groovy)
	at org.codehaus.groovy.reflection.CachedMethod.invoke(CachedMethod.java:86)
	at groovy.lang.MetaMethod.doMethodInvoke(MetaMethod.java:230)
	at groovy.lang.MetaClassImpl.invokeStaticMethod(MetaClassImpl.java:1105)
	at org.codehaus.groovy.runtime.InvokerHelper.invokeMethod(InvokerHelper.java:749)
	at groovy.lang.GroovyShell.runMainOrTestOrRunnable(GroovyShell.java:244)
	at groovy.lang.GroovyShell.run(GroovyShell.java:218)
	at groovy.lang.GroovyShell.run(GroovyShell.java:147)
	at groovy.ui.GroovyMain.processOnce(GroovyMain.java:493)
	at groovy.ui.GroovyMain.run(GroovyMain.java:308)
	at groovy.ui.GroovyMain.process(GroovyMain.java:294)
	at groovy.ui.GroovyMain.processArgs(GroovyMain.java:111)
	at groovy.ui.GroovyMain.main(GroovyMain.java:92)
	at org.codehaus.groovy.tools.GroovyStarter.rootLoader(GroovyStarter.java:101)
	at org.codehaus.groovy.tools.GroovyStarter.main(GroovyStarter.java:130)
</error>

      </testcase>

      <testcase classname="cuanto.test.packageOne.SampleTest" name="LeCarre" time="0.326">
          <failure message="LeCarre failed" type="junit.framework.AssertionFailedError">junit.framework.AssertionFailedError: LeCarre failed
	at cuanto.test.packageOne.SampleTest.testMain(SampleTest.java:37)
	at cuanto.test.packageOne.SampleTest.runTest(SampleTest.java:29)
	at groovy.util.AntBuilder.nodeCompleted(AntBuilder.java:199)
	at groovy.util.BuilderSupport.doInvokeMethod(BuilderSupport.java:153)
	at groovy.util.AntBuilder.doInvokeMethod(AntBuilder.java:149)
	at groovy.util.BuilderSupport.invokeMethod(BuilderSupport.java:64)
	at org.codehaus.groovy.runtime.InvokerHelper.invokePogoMethod(InvokerHelper.java:784)
	at org.codehaus.groovy.runtime.InvokerHelper.invokeMethod(InvokerHelper.java:758)
	at org.codehaus.groovy.runtime.ScriptBytecodeAdapter.invokeMethodN(ScriptBytecodeAdapter.java:170)
	at CreateTests.executeBatchTests(CreateTests.groovy:26)
	at org.codehaus.groovy.reflection.CachedMethod.invoke(CachedMethod.java:86)
	at groovy.lang.MetaMethod.doMethodInvoke(MetaMethod.java:230)
	at groovy.lang.MetaClassImpl.invokeMethod(MetaClassImpl.java:912)
	at org.codehaus.groovy.runtime.ScriptBytecodeAdapter.invokeMethodOnCurrentN(ScriptBytecodeAdapter.java:78)
	at org.codehaus.groovy.runtime.ScriptBytecodeAdapter.invokeMethodOnCurrent0(ScriptBytecodeAdapter.java:112)
	at CreateTests.run(CreateTests.groovy:21)
	at org.codehaus.groovy.reflection.CachedMethod.invoke(CachedMethod.java:86)
	at groovy.lang.MetaMethod.doMethodInvoke(MetaMethod.java:230)
	at groovy.lang.MetaClassImpl.invokeMethod(MetaClassImpl.java:912)
	at groovy.lang.MetaClassImpl.invokeMethod(MetaClassImpl.java:756)
	at org.codehaus.groovy.runtime.InvokerHelper.invokePogoMethod(InvokerHelper.java:778)
	at org.codehaus.groovy.runtime.InvokerHelper.invokeMethod(InvokerHelper.java:758)
	at org.codehaus.groovy.runtime.InvokerHelper.runScript(InvokerHelper.java:401)
	at org.codehaus.groovy.reflection.CachedMethod.invoke(CachedMethod.java:86)
	at groovy.lang.MetaMethod.doMethodInvoke(MetaMethod.java:230)
	at groovy.lang.MetaClassImpl.invokeStaticMethod(MetaClassImpl.java:1105)
	at org.codehaus.groovy.runtime.InvokerHelper.invokeMethod(InvokerHelper.java:749)
	at org.codehaus.groovy.runtime.ScriptBytecodeAdapter.invokeMethodN(ScriptBytecodeAdapter.java:170)
	at CreateTests.main(CreateTests.groovy)
	at org.codehaus.groovy.reflection.CachedMethod.invoke(CachedMethod.java:86)
	at groovy.lang.MetaMethod.doMethodInvoke(MetaMethod.java:230)
	at groovy.lang.MetaClassImpl.invokeStaticMethod(MetaClassImpl.java:1105)
	at org.codehaus.groovy.runtime.InvokerHelper.invokeMethod(InvokerHelper.java:749)
	at groovy.lang.GroovyShell.runMainOrTestOrRunnable(GroovyShell.java:244)
	at groovy.lang.GroovyShell.run(GroovyShell.java:218)
	at groovy.lang.GroovyShell.run(GroovyShell.java:147)
	at groovy.ui.GroovyMain.processOnce(GroovyMain.java:493)
	at groovy.ui.GroovyMain.run(GroovyMain.java:308)
	at groovy.ui.GroovyMain.process(GroovyMain.java:294)
	at groovy.ui.GroovyMain.processArgs(GroovyMain.java:111)
	at groovy.ui.GroovyMain.main(GroovyMain.java:92)
	at org.codehaus.groovy.tools.GroovyStarter.rootLoader(GroovyStarter.java:101)
	at org.codehaus.groovy.tools.GroovyStarter.main(GroovyStarter.java:130)
</failure>

      </testcase>

      <testcase classname="cuanto.test.packageOne.SampleTest" name="Chabon" time="0.176" />

      <testcase classname="cuanto.test.packageOne.SampleTest" name="Christie" time="0.883" />

      <testcase classname="cuanto.test.packageOne.SampleTest" name="Austen" time="0.888" />

      <testcase classname="cuanto.test.packageOne.SampleTest" name="Azimov" time="0.733">
          <failure message="Azimov failed" type="junit.framework.AssertionFailedError">junit.framework.AssertionFailedError: Azimov failed
	at cuanto.test.packageOne.SampleTest.testMain(SampleTest.java:37)
	at cuanto.test.packageOne.SampleTest.runTest(SampleTest.java:29)
	at groovy.util.AntBuilder.nodeCompleted(AntBuilder.java:199)
	at groovy.util.BuilderSupport.doInvokeMethod(BuilderSupport.java:153)
	at groovy.util.AntBuilder.doInvokeMethod(AntBuilder.java:149)
	at groovy.util.BuilderSupport.invokeMethod(BuilderSupport.java:64)
	at org.codehaus.groovy.runtime.InvokerHelper.invokePogoMethod(InvokerHelper.java:784)
	at org.codehaus.groovy.runtime.InvokerHelper.invokeMethod(InvokerHelper.java:758)
	at org.codehaus.groovy.runtime.ScriptBytecodeAdapter.invokeMethodN(ScriptBytecodeAdapter.java:170)
	at CreateTests.executeBatchTests(CreateTests.groovy:26)
	at org.codehaus.groovy.reflection.CachedMethod.invoke(CachedMethod.java:86)
	at groovy.lang.MetaMethod.doMethodInvoke(MetaMethod.java:230)
	at groovy.lang.MetaClassImpl.invokeMethod(MetaClassImpl.java:912)
	at org.codehaus.groovy.runtime.ScriptBytecodeAdapter.invokeMethodOnCurrentN(ScriptBytecodeAdapter.java:78)
	at org.codehaus.groovy.runtime.ScriptBytecodeAdapter.invokeMethodOnCurrent0(ScriptBytecodeAdapter.java:112)
	at CreateTests.run(CreateTests.groovy:21)
	at org.codehaus.groovy.reflection.CachedMethod.invoke(CachedMethod.java:86)
	at groovy.lang.MetaMethod.doMethodInvoke(MetaMethod.java:230)
	at groovy.lang.MetaClassImpl.invokeMethod(MetaClassImpl.java:912)
	at groovy.lang.MetaClassImpl.invokeMethod(MetaClassImpl.java:756)
	at org.codehaus.groovy.runtime.InvokerHelper.invokePogoMethod(InvokerHelper.java:778)
	at org.codehaus.groovy.runtime.InvokerHelper.invokeMethod(InvokerHelper.java:758)
	at org.codehaus.groovy.runtime.InvokerHelper.runScript(InvokerHelper.java:401)
	at org.codehaus.groovy.reflection.CachedMethod.invoke(CachedMethod.java:86)
	at groovy.lang.MetaMethod.doMethodInvoke(MetaMethod.java:230)
	at groovy.lang.MetaClassImpl.invokeStaticMethod(MetaClassImpl.java:1105)
	at org.codehaus.groovy.runtime.InvokerHelper.invokeMethod(InvokerHelper.java:749)
	at org.codehaus.groovy.runtime.ScriptBytecodeAdapter.invokeMethodN(ScriptBytecodeAdapter.java:170)
	at CreateTests.main(CreateTests.groovy)
	at org.codehaus.groovy.reflection.CachedMethod.invoke(CachedMethod.java:86)
	at groovy.lang.MetaMethod.doMethodInvoke(MetaMethod.java:230)
	at groovy.lang.MetaClassImpl.invokeStaticMethod(MetaClassImpl.java:1105)
	at org.codehaus.groovy.runtime.InvokerHelper.invokeMethod(InvokerHelper.java:749)
	at groovy.lang.GroovyShell.runMainOrTestOrRunnable(GroovyShell.java:244)
	at groovy.lang.GroovyShell.run(GroovyShell.java:218)
	at groovy.lang.GroovyShell.run(GroovyShell.java:147)
	at groovy.ui.GroovyMain.processOnce(GroovyMain.java:493)
	at groovy.ui.GroovyMain.run(GroovyMain.java:308)
	at groovy.ui.GroovyMain.process(GroovyMain.java:294)
	at groovy.ui.GroovyMain.processArgs(GroovyMain.java:111)
	at groovy.ui.GroovyMain.main(GroovyMain.java:92)
	at org.codehaus.groovy.tools.GroovyStarter.rootLoader(GroovyStarter.java:101)
	at org.codehaus.groovy.tools.GroovyStarter.main(GroovyStarter.java:130)
</failure>

      </testcase>

      <testcase classname="cuanto.test.packageOne.SampleTest" name="Kesey" time="0.589" />

      <testcase classname="cuanto.test.packageOne.SampleTest" name="Greene" time="0.327" />

      <testcase classname="cuanto.test.packageOne.SampleTest" name="Eliot" time="0.577" />

      <testcase classname="cuanto.test.packageOne.SampleTest" name="Chaucer" time="0.11" />

      <testcase classname="cuanto.test.packageOne.SampleTest" name="Bellow" time="0.77" />

      <testcase classname="cuanto.test.packageOne.SampleTest" name="Hesse" time="0.195" />

      <testcase classname="cuanto.test.packageOne.SampleTest" name="Miller" time="0.692" />

      <system-out />

      <system-err />

  </testsuite>
  <testsuite errors="2" failures="2" hostname="tpot.local" id="1" name="SampleTestThree" package="cuanto.test.packageThree" tests="12" time="4.023" timestamp="2008-09-29T02:24:39">
      <properties>
          <property name="java.runtime.name" value="Java(TM) 2 Runtime Environment, Standard Edition" />

          <property name="sun.boot.library.path" value="/System/Library/Frameworks/JavaVM.framework/Versions/1.5.0/Libraries" />

          <property name="java.vm.version" value="1.5.0_13-119" />

          <property name="awt.nativeDoubleBuffering" value="true" />

          <property name="gopherProxySet" value="false" />

          <property name="ant.version" value="Apache Ant version 1.7.0 compiled on December 13 2006" />

          <property name="ant.java.version" value="1.5" />

          <property name="java.vm.vendor" value="Apple Inc." />

          <property name="java.vendor.url" value="http://www.apple.com/" />

          <property name="path.separator" value=":" />

          <property name="java.vm.name" value="Java HotSpot(TM) Client VM" />

          <property name="file.encoding.pkg" value="sun.io" />

          <property name="user.country" value="US" />

          <property name="sun.java.launcher" value="SUN_STANDARD" />

          <property name="sun.os.patch.level" value="unknown" />

          <property name="program.name" value="groovy" />

          <property name="java.vm.specification.name" value="Java Virtual Machine Specification" />

          <property name="user.dir" value="/Users/ttop/sources/depot/QA/cuanto/main/generator/src/script" />

          <property name="java.runtime.version" value="1.5.0_13-b05-237" />

          <property name="java.awt.graphicsenv" value="apple.awt.CGraphicsEnvironment" />

          <property name="basedir" value="/Users/ttop/sources/depot/QA/cuanto/main/generator/src/script" />

          <property name="java.endorsed.dirs" value="/System/Library/Frameworks/JavaVM.framework/Versions/1.5.0/Home/lib/endorsed" />

          <property name="os.arch" value="i386" />

          <property name="java.io.tmpdir" value="/tmp" />

          <property name="ant.core.lib" value="/Users/ttop/Library/groovy-1.5.6/lib/ant-1.7.0.jar" />

          <property name="line.separator" value=" " />

          <property name="java.vm.specification.vendor" value="Sun Microsystems Inc." />

          <property name="os.name" value="Mac OS X" />

          <property name="tools.jar" value="/Library/Java/Home/lib/tools.jar" />

          <property name="sun.jnu.encoding" value="MacRoman" />

          <property name="script.name" value="/Users/ttop/Library/groovy-1.5.6/bin/groovy" />

          <property name="java.library.path" value=".:/Library/Java/Extensions:/System/Library/Java/Extensions:/usr/lib/java" />

          <property name="java.specification.name" value="Java Platform API Specification" />

          <property name="java.class.version" value="49.0" />

          <property name="sun.management.compiler" value="HotSpot Client Compiler" />

          <property name="os.version" value="10.5.4" />

          <property name="http.nonProxyHosts" value="local|*.local|169.254/16|*.169.254/16" />

          <property name="user.home" value="/Users/ttop" />

          <property name="user.timezone" value="" />

          <property name="java.awt.printerjob" value="apple.awt.CPrinterJob" />

          <property name="java.specification.version" value="1.5" />

          <property name="file.encoding" value="MacRoman" />

          <property name="java.class.path" value="/Users/ttop/Library/groovy-1.5.6/lib/groovy-1.5.6.jar" />

          <property name="user.name" value="ttop" />

          <property name="java.vm.specification.version" value="1.0" />

          <property name="java.home" value="/System/Library/Frameworks/JavaVM.framework/Versions/1.5.0/Home" />

          <property name="sun.arch.data.model" value="32" />

          <property name="java.specification.vendor" value="Sun Microsystems Inc." />

          <property name="user.language" value="en" />

          <property name="awt.toolkit" value="apple.awt.CToolkit" />

          <property name="java.vm.info" value="mixed mode, sharing" />

          <property name="java.version" value="1.5.0_13" />

          <property name="java.ext.dirs" value="/Library/Java/Extensions:/System/Library/Java/Extensions:/System/Library/Frameworks/JavaVM.framework/Versions/1.5.0/Home/lib/ext" />

          <property name="sun.boot.class.path" value="/System/Library/Frameworks/JavaVM.framework/Versions/1.5.0/Classes/classes.jar:/System/Library/Frameworks/JavaVM.framework/Versions/1.5.0/Classes/ui.jar:/System/Library/Frameworks/JavaVM.framework/Versions/1.5.0/Classes/laf.jar:/System/Library/Frameworks/JavaVM.framework/Versions/1.5.0/Classes/sunrsasign.jar:/System/Library/Frameworks/JavaVM.framework/Versions/1.5.0/Classes/jsse.jar:/System/Library/Frameworks/JavaVM.framework/Versions/1.5.0/Classes/jce.jar:/System/Library/Frameworks/JavaVM.framework/Versions/1.5.0/Classes/charsets.jar" />

          <property name="java.vendor" value="Apple Inc." />

          <property name="file.separator" value="/" />

          <property name="java.vendor.url.bug" value="http://bugreport.apple.com/" />

          <property name="sun.cpu.endian" value="little" />

          <property name="sun.io.unicode.encoding" value="UnicodeLittle" />

          <property name="groovy.starter.conf" value="/Users/ttop/Library/groovy-1.5.6/conf/groovy-starter.conf" />

          <property name="mrj.version" value="1040.1.5.0_13-237" />

          <property name="socksNonProxyHosts" value="local|*.local|169.254/16|*.169.254/16" />

          <property name="ftp.nonProxyHosts" value="local|*.local|169.254/16|*.169.254/16" />

          <property name="sun.cpu.isalist" value="" />

          <property name="groovy.home" value="/Users/ttop/Library/groovy-1.5.6" />

      </properties>

      <testcase classname="cuanto.test.packageOne.SampleTest" name="Cookies" time="0.312">
          <error message="Test error" type="java.lang.RuntimeException">java.lang.RuntimeException: Test error
	at cuanto.test.packageOne.SampleTest.testMain(SampleTest.java:39)
	at cuanto.test.packageOne.SampleTest.runTest(SampleTest.java:29)
	at groovy.util.AntBuilder.nodeCompleted(AntBuilder.java:199)
	at groovy.util.BuilderSupport.doInvokeMethod(BuilderSupport.java:153)
	at groovy.util.AntBuilder.doInvokeMethod(AntBuilder.java:149)
	at groovy.util.BuilderSupport.invokeMethod(BuilderSupport.java:64)
	at org.codehaus.groovy.runtime.InvokerHelper.invokePogoMethod(InvokerHelper.java:784)
	at org.codehaus.groovy.runtime.InvokerHelper.invokeMethod(InvokerHelper.java:758)
	at org.codehaus.groovy.runtime.ScriptBytecodeAdapter.invokeMethodN(ScriptBytecodeAdapter.java:170)
	at CreateTests.executeBatchTests(CreateTests.groovy:26)
	at org.codehaus.groovy.reflection.CachedMethod.invoke(CachedMethod.java:86)
	at groovy.lang.MetaMethod.doMethodInvoke(MetaMethod.java:230)
	at groovy.lang.MetaClassImpl.invokeMethod(MetaClassImpl.java:912)
	at org.codehaus.groovy.runtime.ScriptBytecodeAdapter.invokeMethodOnCurrentN(ScriptBytecodeAdapter.java:78)
	at org.codehaus.groovy.runtime.ScriptBytecodeAdapter.invokeMethodOnCurrent0(ScriptBytecodeAdapter.java:112)
	at CreateTests.run(CreateTests.groovy:21)
	at org.codehaus.groovy.reflection.CachedMethod.invoke(CachedMethod.java:86)
	at groovy.lang.MetaMethod.doMethodInvoke(MetaMethod.java:230)
	at groovy.lang.MetaClassImpl.invokeMethod(MetaClassImpl.java:912)
	at groovy.lang.MetaClassImpl.invokeMethod(MetaClassImpl.java:756)
	at org.codehaus.groovy.runtime.InvokerHelper.invokePogoMethod(InvokerHelper.java:778)
	at org.codehaus.groovy.runtime.InvokerHelper.invokeMethod(InvokerHelper.java:758)
	at org.codehaus.groovy.runtime.InvokerHelper.runScript(InvokerHelper.java:401)
	at org.codehaus.groovy.reflection.CachedMethod.invoke(CachedMethod.java:86)
	at groovy.lang.MetaMethod.doMethodInvoke(MetaMethod.java:230)
	at groovy.lang.MetaClassImpl.invokeStaticMethod(MetaClassImpl.java:1105)
	at org.codehaus.groovy.runtime.InvokerHelper.invokeMethod(InvokerHelper.java:749)
	at org.codehaus.groovy.runtime.ScriptBytecodeAdapter.invokeMethodN(ScriptBytecodeAdapter.java:170)
	at CreateTests.main(CreateTests.groovy)
	at org.codehaus.groovy.reflection.CachedMethod.invoke(CachedMethod.java:86)
	at groovy.lang.MetaMethod.doMethodInvoke(MetaMethod.java:230)
	at groovy.lang.MetaClassImpl.invokeStaticMethod(MetaClassImpl.java:1105)
	at org.codehaus.groovy.runtime.InvokerHelper.invokeMethod(InvokerHelper.java:749)
	at groovy.lang.GroovyShell.runMainOrTestOrRunnable(GroovyShell.java:244)
	at groovy.lang.GroovyShell.run(GroovyShell.java:218)
	at groovy.lang.GroovyShell.run(GroovyShell.java:147)
	at groovy.ui.GroovyMain.processOnce(GroovyMain.java:493)
	at groovy.ui.GroovyMain.run(GroovyMain.java:308)
	at groovy.ui.GroovyMain.process(GroovyMain.java:294)
	at groovy.ui.GroovyMain.processArgs(GroovyMain.java:111)
	at groovy.ui.GroovyMain.main(GroovyMain.java:92)
	at org.codehaus.groovy.tools.GroovyStarter.rootLoader(GroovyStarter.java:101)
	at org.codehaus.groovy.tools.GroovyStarter.main(GroovyStarter.java:130)
</error>

      </testcase>

      <testcase classname="cuanto.test.packageOne.SampleTest" name="Brownies" time="0.035">
          <failure message="Brownies failed" type="junit.framework.AssertionFailedError">junit.framework.AssertionFailedError: Brownies failed
	at cuanto.test.packageOne.SampleTest.testMain(SampleTest.java:37)
	at cuanto.test.packageOne.SampleTest.runTest(SampleTest.java:29)
	at groovy.util.AntBuilder.nodeCompleted(AntBuilder.java:199)
	at groovy.util.BuilderSupport.doInvokeMethod(BuilderSupport.java:153)
	at groovy.util.AntBuilder.doInvokeMethod(AntBuilder.java:149)
	at groovy.util.BuilderSupport.invokeMethod(BuilderSupport.java:64)
	at org.codehaus.groovy.runtime.InvokerHelper.invokePogoMethod(InvokerHelper.java:784)
	at org.codehaus.groovy.runtime.InvokerHelper.invokeMethod(InvokerHelper.java:758)
	at org.codehaus.groovy.runtime.ScriptBytecodeAdapter.invokeMethodN(ScriptBytecodeAdapter.java:170)
	at CreateTests.executeBatchTests(CreateTests.groovy:26)
	at org.codehaus.groovy.reflection.CachedMethod.invoke(CachedMethod.java:86)
	at groovy.lang.MetaMethod.doMethodInvoke(MetaMethod.java:230)
	at groovy.lang.MetaClassImpl.invokeMethod(MetaClassImpl.java:912)
	at org.codehaus.groovy.runtime.ScriptBytecodeAdapter.invokeMethodOnCurrentN(ScriptBytecodeAdapter.java:78)
	at org.codehaus.groovy.runtime.ScriptBytecodeAdapter.invokeMethodOnCurrent0(ScriptBytecodeAdapter.java:112)
	at CreateTests.run(CreateTests.groovy:21)
	at org.codehaus.groovy.reflection.CachedMethod.invoke(CachedMethod.java:86)
	at groovy.lang.MetaMethod.doMethodInvoke(MetaMethod.java:230)
	at groovy.lang.MetaClassImpl.invokeMethod(MetaClassImpl.java:912)
	at groovy.lang.MetaClassImpl.invokeMethod(MetaClassImpl.java:756)
	at org.codehaus.groovy.runtime.InvokerHelper.invokePogoMethod(InvokerHelper.java:778)
	at org.codehaus.groovy.runtime.InvokerHelper.invokeMethod(InvokerHelper.java:758)
	at org.codehaus.groovy.runtime.InvokerHelper.runScript(InvokerHelper.java:401)
	at org.codehaus.groovy.reflection.CachedMethod.invoke(CachedMethod.java:86)
	at groovy.lang.MetaMethod.doMethodInvoke(MetaMethod.java:230)
	at groovy.lang.MetaClassImpl.invokeStaticMethod(MetaClassImpl.java:1105)
	at org.codehaus.groovy.runtime.InvokerHelper.invokeMethod(InvokerHelper.java:749)
	at org.codehaus.groovy.runtime.ScriptBytecodeAdapter.invokeMethodN(ScriptBytecodeAdapter.java:170)
	at CreateTests.main(CreateTests.groovy)
	at org.codehaus.groovy.reflection.CachedMethod.invoke(CachedMethod.java:86)
	at groovy.lang.MetaMethod.doMethodInvoke(MetaMethod.java:230)
	at groovy.lang.MetaClassImpl.invokeStaticMethod(MetaClassImpl.java:1105)
	at org.codehaus.groovy.runtime.InvokerHelper.invokeMethod(InvokerHelper.java:749)
	at groovy.lang.GroovyShell.runMainOrTestOrRunnable(GroovyShell.java:244)
	at groovy.lang.GroovyShell.run(GroovyShell.java:218)
	at groovy.lang.GroovyShell.run(GroovyShell.java:147)
	at groovy.ui.GroovyMain.processOnce(GroovyMain.java:493)
	at groovy.ui.GroovyMain.run(GroovyMain.java:308)
	at groovy.ui.GroovyMain.process(GroovyMain.java:294)
	at groovy.ui.GroovyMain.processArgs(GroovyMain.java:111)
	at groovy.ui.GroovyMain.main(GroovyMain.java:92)
	at org.codehaus.groovy.tools.GroovyStarter.rootLoader(GroovyStarter.java:101)
	at org.codehaus.groovy.tools.GroovyStarter.main(GroovyStarter.java:130)
</failure>

      </testcase>

      <testcase classname="cuanto.test.packageOne.SampleTest" name="Cake" time="0.252">
          <error message="Test error" type="java.lang.RuntimeException">java.lang.RuntimeException: Test error
	at cuanto.test.packageOne.SampleTest.testMain(SampleTest.java:39)
	at cuanto.test.packageOne.SampleTest.runTest(SampleTest.java:29)
	at groovy.util.AntBuilder.nodeCompleted(AntBuilder.java:199)
	at groovy.util.BuilderSupport.doInvokeMethod(BuilderSupport.java:153)
	at groovy.util.AntBuilder.doInvokeMethod(AntBuilder.java:149)
	at groovy.util.BuilderSupport.invokeMethod(BuilderSupport.java:64)
	at org.codehaus.groovy.runtime.InvokerHelper.invokePogoMethod(InvokerHelper.java:784)
	at org.codehaus.groovy.runtime.InvokerHelper.invokeMethod(InvokerHelper.java:758)
	at org.codehaus.groovy.runtime.ScriptBytecodeAdapter.invokeMethodN(ScriptBytecodeAdapter.java:170)
	at CreateTests.executeBatchTests(CreateTests.groovy:26)
	at org.codehaus.groovy.reflection.CachedMethod.invoke(CachedMethod.java:86)
	at groovy.lang.MetaMethod.doMethodInvoke(MetaMethod.java:230)
	at groovy.lang.MetaClassImpl.invokeMethod(MetaClassImpl.java:912)
	at org.codehaus.groovy.runtime.ScriptBytecodeAdapter.invokeMethodOnCurrentN(ScriptBytecodeAdapter.java:78)
	at org.codehaus.groovy.runtime.ScriptBytecodeAdapter.invokeMethodOnCurrent0(ScriptBytecodeAdapter.java:112)
	at CreateTests.run(CreateTests.groovy:21)
	at org.codehaus.groovy.reflection.CachedMethod.invoke(CachedMethod.java:86)
	at groovy.lang.MetaMethod.doMethodInvoke(MetaMethod.java:230)
	at groovy.lang.MetaClassImpl.invokeMethod(MetaClassImpl.java:912)
	at groovy.lang.MetaClassImpl.invokeMethod(MetaClassImpl.java:756)
	at org.codehaus.groovy.runtime.InvokerHelper.invokePogoMethod(InvokerHelper.java:778)
	at org.codehaus.groovy.runtime.InvokerHelper.invokeMethod(InvokerHelper.java:758)
	at org.codehaus.groovy.runtime.InvokerHelper.runScript(InvokerHelper.java:401)
	at org.codehaus.groovy.reflection.CachedMethod.invoke(CachedMethod.java:86)
	at groovy.lang.MetaMethod.doMethodInvoke(MetaMethod.java:230)
	at groovy.lang.MetaClassImpl.invokeStaticMethod(MetaClassImpl.java:1105)
	at org.codehaus.groovy.runtime.InvokerHelper.invokeMethod(InvokerHelper.java:749)
	at org.codehaus.groovy.runtime.ScriptBytecodeAdapter.invokeMethodN(ScriptBytecodeAdapter.java:170)
	at CreateTests.main(CreateTests.groovy)
	at org.codehaus.groovy.reflection.CachedMethod.invoke(CachedMethod.java:86)
	at groovy.lang.MetaMethod.doMethodInvoke(MetaMethod.java:230)
	at groovy.lang.MetaClassImpl.invokeStaticMethod(MetaClassImpl.java:1105)
	at org.codehaus.groovy.runtime.InvokerHelper.invokeMethod(InvokerHelper.java:749)
	at groovy.lang.GroovyShell.runMainOrTestOrRunnable(GroovyShell.java:244)
	at groovy.lang.GroovyShell.run(GroovyShell.java:218)
	at groovy.lang.GroovyShell.run(GroovyShell.java:147)
	at groovy.ui.GroovyMain.processOnce(GroovyMain.java:493)
	at groovy.ui.GroovyMain.run(GroovyMain.java:308)
	at groovy.ui.GroovyMain.process(GroovyMain.java:294)
	at groovy.ui.GroovyMain.processArgs(GroovyMain.java:111)
	at groovy.ui.GroovyMain.main(GroovyMain.java:92)
	at org.codehaus.groovy.tools.GroovyStarter.rootLoader(GroovyStarter.java:101)
	at org.codehaus.groovy.tools.GroovyStarter.main(GroovyStarter.java:130)
</error>

      </testcase>

      <testcase classname="cuanto.test.packageOne.SampleTest" name="Pie" time="0.395" />

      <testcase classname="cuanto.test.packageOne.SampleTest" name="Pudding" time="0.32" />

      <testcase classname="cuanto.test.packageOne.SampleTest" name="Cobbler" time="0.0070" />

      <testcase classname="cuanto.test.packageOne.SampleTest" name="IceCream" time="0.743" />

      <testcase classname="cuanto.test.packageOne.SampleTest" name="Tart" time="0.297">
          <failure message="Tart failed" type="junit.framework.AssertionFailedError">junit.framework.AssertionFailedError: Tart failed
	at cuanto.test.packageOne.SampleTest.testMain(SampleTest.java:37)
	at cuanto.test.packageOne.SampleTest.runTest(SampleTest.java:29)
	at groovy.util.AntBuilder.nodeCompleted(AntBuilder.java:199)
	at groovy.util.BuilderSupport.doInvokeMethod(BuilderSupport.java:153)
	at groovy.util.AntBuilder.doInvokeMethod(AntBuilder.java:149)
	at groovy.util.BuilderSupport.invokeMethod(BuilderSupport.java:64)
	at org.codehaus.groovy.runtime.InvokerHelper.invokePogoMethod(InvokerHelper.java:784)
	at org.codehaus.groovy.runtime.InvokerHelper.invokeMethod(InvokerHelper.java:758)
	at org.codehaus.groovy.runtime.ScriptBytecodeAdapter.invokeMethodN(ScriptBytecodeAdapter.java:170)
	at CreateTests.executeBatchTests(CreateTests.groovy:26)
	at org.codehaus.groovy.reflection.CachedMethod.invoke(CachedMethod.java:86)
	at groovy.lang.MetaMethod.doMethodInvoke(MetaMethod.java:230)
	at groovy.lang.MetaClassImpl.invokeMethod(MetaClassImpl.java:912)
	at org.codehaus.groovy.runtime.ScriptBytecodeAdapter.invokeMethodOnCurrentN(ScriptBytecodeAdapter.java:78)
	at org.codehaus.groovy.runtime.ScriptBytecodeAdapter.invokeMethodOnCurrent0(ScriptBytecodeAdapter.java:112)
	at CreateTests.run(CreateTests.groovy:21)
	at org.codehaus.groovy.reflection.CachedMethod.invoke(CachedMethod.java:86)
	at groovy.lang.MetaMethod.doMethodInvoke(MetaMethod.java:230)
	at groovy.lang.MetaClassImpl.invokeMethod(MetaClassImpl.java:912)
	at groovy.lang.MetaClassImpl.invokeMethod(MetaClassImpl.java:756)
	at org.codehaus.groovy.runtime.InvokerHelper.invokePogoMethod(InvokerHelper.java:778)
	at org.codehaus.groovy.runtime.InvokerHelper.invokeMethod(InvokerHelper.java:758)
	at org.codehaus.groovy.runtime.InvokerHelper.runScript(InvokerHelper.java:401)
	at org.codehaus.groovy.reflection.CachedMethod.invoke(CachedMethod.java:86)
	at groovy.lang.MetaMethod.doMethodInvoke(MetaMethod.java:230)
	at groovy.lang.MetaClassImpl.invokeStaticMethod(MetaClassImpl.java:1105)
	at org.codehaus.groovy.runtime.InvokerHelper.invokeMethod(InvokerHelper.java:749)
	at org.codehaus.groovy.runtime.ScriptBytecodeAdapter.invokeMethodN(ScriptBytecodeAdapter.java:170)
	at CreateTests.main(CreateTests.groovy)
	at org.codehaus.groovy.reflection.CachedMethod.invoke(CachedMethod.java:86)
	at groovy.lang.MetaMethod.doMethodInvoke(MetaMethod.java:230)
	at groovy.lang.MetaClassImpl.invokeStaticMethod(MetaClassImpl.java:1105)
	at org.codehaus.groovy.runtime.InvokerHelper.invokeMethod(InvokerHelper.java:749)
	at groovy.lang.GroovyShell.runMainOrTestOrRunnable(GroovyShell.java:244)
	at groovy.lang.GroovyShell.run(GroovyShell.java:218)
	at groovy.lang.GroovyShell.run(GroovyShell.java:147)
	at groovy.ui.GroovyMain.processOnce(GroovyMain.java:493)
	at groovy.ui.GroovyMain.run(GroovyMain.java:308)
	at groovy.ui.GroovyMain.process(GroovyMain.java:294)
	at groovy.ui.GroovyMain.processArgs(GroovyMain.java:111)
	at groovy.ui.GroovyMain.main(GroovyMain.java:92)
	at org.codehaus.groovy.tools.GroovyStarter.rootLoader(GroovyStarter.java:101)
	at org.codehaus.groovy.tools.GroovyStarter.main(GroovyStarter.java:130)
</failure>

      </testcase>

      <testcase classname="cuanto.test.packageOne.SampleTest" name="Mousse" time="0.185" />

      <testcase classname="cuanto.test.packageOne.SampleTest" name="Tiramisu" time="0.253" />

      <testcase classname="cuanto.test.packageOne.SampleTest" name="Parfaits" time="0.362" />

      <testcase classname="cuanto.test.packageOne.SampleTest" name="Sundaes" time="0.853" />

      <system-out />

      <system-err />

  </testsuite>
  <testsuite errors="1" failures="2" hostname="tpot.local" id="2" name="SampleTestTwo" package="cuanto.test.packageTwo" tests="10" time="5.042" timestamp="2008-09-29T02:24:43">
      <properties>
          <property name="java.runtime.name" value="Java(TM) 2 Runtime Environment, Standard Edition" />

          <property name="sun.boot.library.path" value="/System/Library/Frameworks/JavaVM.framework/Versions/1.5.0/Libraries" />

          <property name="java.vm.version" value="1.5.0_13-119" />

          <property name="awt.nativeDoubleBuffering" value="true" />

          <property name="gopherProxySet" value="false" />

          <property name="ant.version" value="Apache Ant version 1.7.0 compiled on December 13 2006" />

          <property name="ant.java.version" value="1.5" />

          <property name="java.vm.vendor" value="Apple Inc." />

          <property name="java.vendor.url" value="http://www.apple.com/" />

          <property name="path.separator" value=":" />

          <property name="java.vm.name" value="Java HotSpot(TM) Client VM" />

          <property name="file.encoding.pkg" value="sun.io" />

          <property name="user.country" value="US" />

          <property name="sun.java.launcher" value="SUN_STANDARD" />

          <property name="sun.os.patch.level" value="unknown" />

          <property name="program.name" value="groovy" />

          <property name="java.vm.specification.name" value="Java Virtual Machine Specification" />

          <property name="user.dir" value="/Users/ttop/sources/depot/QA/cuanto/main/generator/src/script" />

          <property name="java.runtime.version" value="1.5.0_13-b05-237" />

          <property name="java.awt.graphicsenv" value="apple.awt.CGraphicsEnvironment" />

          <property name="basedir" value="/Users/ttop/sources/depot/QA/cuanto/main/generator/src/script" />

          <property name="java.endorsed.dirs" value="/System/Library/Frameworks/JavaVM.framework/Versions/1.5.0/Home/lib/endorsed" />

          <property name="os.arch" value="i386" />

          <property name="java.io.tmpdir" value="/tmp" />

          <property name="ant.core.lib" value="/Users/ttop/Library/groovy-1.5.6/lib/ant-1.7.0.jar" />

          <property name="line.separator" value=" " />

          <property name="java.vm.specification.vendor" value="Sun Microsystems Inc." />

          <property name="os.name" value="Mac OS X" />

          <property name="tools.jar" value="/Library/Java/Home/lib/tools.jar" />

          <property name="sun.jnu.encoding" value="MacRoman" />

          <property name="script.name" value="/Users/ttop/Library/groovy-1.5.6/bin/groovy" />

          <property name="java.library.path" value=".:/Library/Java/Extensions:/System/Library/Java/Extensions:/usr/lib/java" />

          <property name="java.specification.name" value="Java Platform API Specification" />

          <property name="java.class.version" value="49.0" />

          <property name="sun.management.compiler" value="HotSpot Client Compiler" />

          <property name="os.version" value="10.5.4" />

          <property name="http.nonProxyHosts" value="local|*.local|169.254/16|*.169.254/16" />

          <property name="user.home" value="/Users/ttop" />

          <property name="user.timezone" value="" />

          <property name="java.awt.printerjob" value="apple.awt.CPrinterJob" />

          <property name="java.specification.version" value="1.5" />

          <property name="file.encoding" value="MacRoman" />

          <property name="java.class.path" value="/Users/ttop/Library/groovy-1.5.6/lib/groovy-1.5.6.jar" />

          <property name="user.name" value="ttop" />

          <property name="java.vm.specification.version" value="1.0" />

          <property name="java.home" value="/System/Library/Frameworks/JavaVM.framework/Versions/1.5.0/Home" />

          <property name="sun.arch.data.model" value="32" />

          <property name="java.specification.vendor" value="Sun Microsystems Inc." />

          <property name="user.language" value="en" />

          <property name="awt.toolkit" value="apple.awt.CToolkit" />

          <property name="java.vm.info" value="mixed mode, sharing" />

          <property name="java.version" value="1.5.0_13" />

          <property name="java.ext.dirs" value="/Library/Java/Extensions:/System/Library/Java/Extensions:/System/Library/Frameworks/JavaVM.framework/Versions/1.5.0/Home/lib/ext" />

          <property name="sun.boot.class.path" value="/System/Library/Frameworks/JavaVM.framework/Versions/1.5.0/Classes/classes.jar:/System/Library/Frameworks/JavaVM.framework/Versions/1.5.0/Classes/ui.jar:/System/Library/Frameworks/JavaVM.framework/Versions/1.5.0/Classes/laf.jar:/System/Library/Frameworks/JavaVM.framework/Versions/1.5.0/Classes/sunrsasign.jar:/System/Library/Frameworks/JavaVM.framework/Versions/1.5.0/Classes/jsse.jar:/System/Library/Frameworks/JavaVM.framework/Versions/1.5.0/Classes/jce.jar:/System/Library/Frameworks/JavaVM.framework/Versions/1.5.0/Classes/charsets.jar" />

          <property name="java.vendor" value="Apple Inc." />

          <property name="file.separator" value="/" />

          <property name="java.vendor.url.bug" value="http://bugreport.apple.com/" />

          <property name="sun.cpu.endian" value="little" />

          <property name="sun.io.unicode.encoding" value="UnicodeLittle" />

          <property name="groovy.starter.conf" value="/Users/ttop/Library/groovy-1.5.6/conf/groovy-starter.conf" />

          <property name="mrj.version" value="1040.1.5.0_13-237" />

          <property name="socksNonProxyHosts" value="local|*.local|169.254/16|*.169.254/16" />

          <property name="ftp.nonProxyHosts" value="local|*.local|169.254/16|*.169.254/16" />

          <property name="sun.cpu.isalist" value="" />

          <property name="groovy.home" value="/Users/ttop/Library/groovy-1.5.6" />

      </properties>

      <testcase classname="cuanto.test.packageOne.SampleTest" name="Latte" time="0.869" />

      <testcase classname="cuanto.test.packageOne.SampleTest" name="Espresso" time="0.206" />

      <testcase classname="cuanto.test.packageOne.SampleTest" name="Mocha" time="0.529" />

      <testcase classname="cuanto.test.packageOne.SampleTest" name="Macchiatto" time="0.224">
          <error message="Test error" type="java.lang.RuntimeException">java.lang.RuntimeException: Test error
	at cuanto.test.packageOne.SampleTest.testMain(SampleTest.java:39)
	at cuanto.test.packageOne.SampleTest.runTest(SampleTest.java:29)
	at groovy.util.AntBuilder.nodeCompleted(AntBuilder.java:199)
	at groovy.util.BuilderSupport.doInvokeMethod(BuilderSupport.java:153)
	at groovy.util.AntBuilder.doInvokeMethod(AntBuilder.java:149)
	at groovy.util.BuilderSupport.invokeMethod(BuilderSupport.java:64)
	at org.codehaus.groovy.runtime.InvokerHelper.invokePogoMethod(InvokerHelper.java:784)
	at org.codehaus.groovy.runtime.InvokerHelper.invokeMethod(InvokerHelper.java:758)
	at org.codehaus.groovy.runtime.ScriptBytecodeAdapter.invokeMethodN(ScriptBytecodeAdapter.java:170)
	at CreateTests.executeBatchTests(CreateTests.groovy:26)
	at org.codehaus.groovy.reflection.CachedMethod.invoke(CachedMethod.java:86)
	at groovy.lang.MetaMethod.doMethodInvoke(MetaMethod.java:230)
	at groovy.lang.MetaClassImpl.invokeMethod(MetaClassImpl.java:912)
	at org.codehaus.groovy.runtime.ScriptBytecodeAdapter.invokeMethodOnCurrentN(ScriptBytecodeAdapter.java:78)
	at org.codehaus.groovy.runtime.ScriptBytecodeAdapter.invokeMethodOnCurrent0(ScriptBytecodeAdapter.java:112)
	at CreateTests.run(CreateTests.groovy:21)
	at org.codehaus.groovy.reflection.CachedMethod.invoke(CachedMethod.java:86)
	at groovy.lang.MetaMethod.doMethodInvoke(MetaMethod.java:230)
	at groovy.lang.MetaClassImpl.invokeMethod(MetaClassImpl.java:912)
	at groovy.lang.MetaClassImpl.invokeMethod(MetaClassImpl.java:756)
	at org.codehaus.groovy.runtime.InvokerHelper.invokePogoMethod(InvokerHelper.java:778)
	at org.codehaus.groovy.runtime.InvokerHelper.invokeMethod(InvokerHelper.java:758)
	at org.codehaus.groovy.runtime.InvokerHelper.runScript(InvokerHelper.java:401)
	at org.codehaus.groovy.reflection.CachedMethod.invoke(CachedMethod.java:86)
	at groovy.lang.MetaMethod.doMethodInvoke(MetaMethod.java:230)
	at groovy.lang.MetaClassImpl.invokeStaticMethod(MetaClassImpl.java:1105)
	at org.codehaus.groovy.runtime.InvokerHelper.invokeMethod(InvokerHelper.java:749)
	at org.codehaus.groovy.runtime.ScriptBytecodeAdapter.invokeMethodN(ScriptBytecodeAdapter.java:170)
	at CreateTests.main(CreateTests.groovy)
	at org.codehaus.groovy.reflection.CachedMethod.invoke(CachedMethod.java:86)
	at groovy.lang.MetaMethod.doMethodInvoke(MetaMethod.java:230)
	at groovy.lang.MetaClassImpl.invokeStaticMethod(MetaClassImpl.java:1105)
	at org.codehaus.groovy.runtime.InvokerHelper.invokeMethod(InvokerHelper.java:749)
	at groovy.lang.GroovyShell.runMainOrTestOrRunnable(GroovyShell.java:244)
	at groovy.lang.GroovyShell.run(GroovyShell.java:218)
	at groovy.lang.GroovyShell.run(GroovyShell.java:147)
	at groovy.ui.GroovyMain.processOnce(GroovyMain.java:493)
	at groovy.ui.GroovyMain.run(GroovyMain.java:308)
	at groovy.ui.GroovyMain.process(GroovyMain.java:294)
	at groovy.ui.GroovyMain.processArgs(GroovyMain.java:111)
	at groovy.ui.GroovyMain.main(GroovyMain.java:92)
	at org.codehaus.groovy.tools.GroovyStarter.rootLoader(GroovyStarter.java:101)
	at org.codehaus.groovy.tools.GroovyStarter.main(GroovyStarter.java:130)
</error>

      </testcase>

      <testcase classname="cuanto.test.packageOne.SampleTest" name="Cappuccino" time="0.851">
          <failure message="Cappuccino failed" type="junit.framework.AssertionFailedError">junit.framework.AssertionFailedError: Cappuccino failed
	at cuanto.test.packageOne.SampleTest.testMain(SampleTest.java:37)
	at cuanto.test.packageOne.SampleTest.runTest(SampleTest.java:29)
	at groovy.util.AntBuilder.nodeCompleted(AntBuilder.java:199)
	at groovy.util.BuilderSupport.doInvokeMethod(BuilderSupport.java:153)
	at groovy.util.AntBuilder.doInvokeMethod(AntBuilder.java:149)
	at groovy.util.BuilderSupport.invokeMethod(BuilderSupport.java:64)
	at org.codehaus.groovy.runtime.InvokerHelper.invokePogoMethod(InvokerHelper.java:784)
	at org.codehaus.groovy.runtime.InvokerHelper.invokeMethod(InvokerHelper.java:758)
	at org.codehaus.groovy.runtime.ScriptBytecodeAdapter.invokeMethodN(ScriptBytecodeAdapter.java:170)
	at CreateTests.executeBatchTests(CreateTests.groovy:26)
	at org.codehaus.groovy.reflection.CachedMethod.invoke(CachedMethod.java:86)
	at groovy.lang.MetaMethod.doMethodInvoke(MetaMethod.java:230)
	at groovy.lang.MetaClassImpl.invokeMethod(MetaClassImpl.java:912)
	at org.codehaus.groovy.runtime.ScriptBytecodeAdapter.invokeMethodOnCurrentN(ScriptBytecodeAdapter.java:78)
	at org.codehaus.groovy.runtime.ScriptBytecodeAdapter.invokeMethodOnCurrent0(ScriptBytecodeAdapter.java:112)
	at CreateTests.run(CreateTests.groovy:21)
	at org.codehaus.groovy.reflection.CachedMethod.invoke(CachedMethod.java:86)
	at groovy.lang.MetaMethod.doMethodInvoke(MetaMethod.java:230)
	at groovy.lang.MetaClassImpl.invokeMethod(MetaClassImpl.java:912)
	at groovy.lang.MetaClassImpl.invokeMethod(MetaClassImpl.java:756)
	at org.codehaus.groovy.runtime.InvokerHelper.invokePogoMethod(InvokerHelper.java:778)
	at org.codehaus.groovy.runtime.InvokerHelper.invokeMethod(InvokerHelper.java:758)
	at org.codehaus.groovy.runtime.InvokerHelper.runScript(InvokerHelper.java:401)
	at org.codehaus.groovy.reflection.CachedMethod.invoke(CachedMethod.java:86)
	at groovy.lang.MetaMethod.doMethodInvoke(MetaMethod.java:230)
	at groovy.lang.MetaClassImpl.invokeStaticMethod(MetaClassImpl.java:1105)
	at org.codehaus.groovy.runtime.InvokerHelper.invokeMethod(InvokerHelper.java:749)
	at org.codehaus.groovy.runtime.ScriptBytecodeAdapter.invokeMethodN(ScriptBytecodeAdapter.java:170)
	at CreateTests.main(CreateTests.groovy)
	at org.codehaus.groovy.reflection.CachedMethod.invoke(CachedMethod.java:86)
	at groovy.lang.MetaMethod.doMethodInvoke(MetaMethod.java:230)
	at groovy.lang.MetaClassImpl.invokeStaticMethod(MetaClassImpl.java:1105)
	at org.codehaus.groovy.runtime.InvokerHelper.invokeMethod(InvokerHelper.java:749)
	at groovy.lang.GroovyShell.runMainOrTestOrRunnable(GroovyShell.java:244)
	at groovy.lang.GroovyShell.run(GroovyShell.java:218)
	at groovy.lang.GroovyShell.run(GroovyShell.java:147)
	at groovy.ui.GroovyMain.processOnce(GroovyMain.java:493)
	at groovy.ui.GroovyMain.run(GroovyMain.java:308)
	at groovy.ui.GroovyMain.process(GroovyMain.java:294)
	at groovy.ui.GroovyMain.processArgs(GroovyMain.java:111)
	at groovy.ui.GroovyMain.main(GroovyMain.java:92)
	at org.codehaus.groovy.tools.GroovyStarter.rootLoader(GroovyStarter.java:101)
	at org.codehaus.groovy.tools.GroovyStarter.main(GroovyStarter.java:130)
</failure>

      </testcase>

      <testcase classname="cuanto.test.packageOne.SampleTest" name="Drip" time="0.347" />

      <testcase classname="cuanto.test.packageOne.SampleTest" name="Americano" time="0.418" />

      <testcase classname="cuanto.test.packageOne.SampleTest" name="Breva" time="0.84">
          <failure message="Breva failed" type="junit.framework.AssertionFailedError">junit.framework.AssertionFailedError: Breva failed
	at cuanto.test.packageOne.SampleTest.testMain(SampleTest.java:37)
	at cuanto.test.packageOne.SampleTest.runTest(SampleTest.java:29)
	at groovy.util.AntBuilder.nodeCompleted(AntBuilder.java:199)
	at groovy.util.BuilderSupport.doInvokeMethod(BuilderSupport.java:153)
	at groovy.util.AntBuilder.doInvokeMethod(AntBuilder.java:149)
	at groovy.util.BuilderSupport.invokeMethod(BuilderSupport.java:64)
	at org.codehaus.groovy.runtime.InvokerHelper.invokePogoMethod(InvokerHelper.java:784)
	at org.codehaus.groovy.runtime.InvokerHelper.invokeMethod(InvokerHelper.java:758)
	at org.codehaus.groovy.runtime.ScriptBytecodeAdapter.invokeMethodN(ScriptBytecodeAdapter.java:170)
	at CreateTests.executeBatchTests(CreateTests.groovy:26)
	at org.codehaus.groovy.reflection.CachedMethod.invoke(CachedMethod.java:86)
	at groovy.lang.MetaMethod.doMethodInvoke(MetaMethod.java:230)
	at groovy.lang.MetaClassImpl.invokeMethod(MetaClassImpl.java:912)
	at org.codehaus.groovy.runtime.ScriptBytecodeAdapter.invokeMethodOnCurrentN(ScriptBytecodeAdapter.java:78)
	at org.codehaus.groovy.runtime.ScriptBytecodeAdapter.invokeMethodOnCurrent0(ScriptBytecodeAdapter.java:112)
	at CreateTests.run(CreateTests.groovy:21)
	at org.codehaus.groovy.reflection.CachedMethod.invoke(CachedMethod.java:86)
	at groovy.lang.MetaMethod.doMethodInvoke(MetaMethod.java:230)
	at groovy.lang.MetaClassImpl.invokeMethod(MetaClassImpl.java:912)
	at groovy.lang.MetaClassImpl.invokeMethod(MetaClassImpl.java:756)
	at org.codehaus.groovy.runtime.InvokerHelper.invokePogoMethod(InvokerHelper.java:778)
	at org.codehaus.groovy.runtime.InvokerHelper.invokeMethod(InvokerHelper.java:758)
	at org.codehaus.groovy.runtime.InvokerHelper.runScript(InvokerHelper.java:401)
	at org.codehaus.groovy.reflection.CachedMethod.invoke(CachedMethod.java:86)
	at groovy.lang.MetaMethod.doMethodInvoke(MetaMethod.java:230)
	at groovy.lang.MetaClassImpl.invokeStaticMethod(MetaClassImpl.java:1105)
	at org.codehaus.groovy.runtime.InvokerHelper.invokeMethod(InvokerHelper.java:749)
	at org.codehaus.groovy.runtime.ScriptBytecodeAdapter.invokeMethodN(ScriptBytecodeAdapter.java:170)
	at CreateTests.main(CreateTests.groovy)
	at org.codehaus.groovy.reflection.CachedMethod.invoke(CachedMethod.java:86)
	at groovy.lang.MetaMethod.doMethodInvoke(MetaMethod.java:230)
	at groovy.lang.MetaClassImpl.invokeStaticMethod(MetaClassImpl.java:1105)
	at org.codehaus.groovy.runtime.InvokerHelper.invokeMethod(InvokerHelper.java:749)
	at groovy.lang.GroovyShell.runMainOrTestOrRunnable(GroovyShell.java:244)
	at groovy.lang.GroovyShell.run(GroovyShell.java:218)
	at groovy.lang.GroovyShell.run(GroovyShell.java:147)
	at groovy.ui.GroovyMain.processOnce(GroovyMain.java:493)
	at groovy.ui.GroovyMain.run(GroovyMain.java:308)
	at groovy.ui.GroovyMain.process(GroovyMain.java:294)
	at groovy.ui.GroovyMain.processArgs(GroovyMain.java:111)
	at groovy.ui.GroovyMain.main(GroovyMain.java:92)
	at org.codehaus.groovy.tools.GroovyStarter.rootLoader(GroovyStarter.java:101)
	at org.codehaus.groovy.tools.GroovyStarter.main(GroovyStarter.java:130)
</failure>

      </testcase>

      <testcase classname="cuanto.test.packageOne.SampleTest" name="Ristretto" time="0.285" />

      <testcase classname="cuanto.test.packageOne.SampleTest" name="ConLeche" time="0.465" />

      <system-out />

      <system-err />

  </testsuite>
</testsuites>
